<?xml version="1.0" encoding="UTF-8"?>
<!-- Generated by org.testng.reporters.JUnitReportReporter -->
<testsuite hostname="ZAG1-LDL-Z00680" failures="0" tests="16" name="shop.automation.homepage.LoginHomePage" time="4.681" errors="0" timestamp="25 sij 2022 19:25:15 GMT" skipped="0">
  <testcase classname="shop.automation.homepage.LoginHomePage" name="goToLoginPage" time="0.113"/>
  <testcase classname="shop.automation.homepage.LoginHomePage" name="enterCredentials" time="0.564"/>
  <testcase classname="shop.automation.homepage.LoginHomePage" name="clickLoginButton" time="0.270"/>
  <testcase classname="shop.automation.homepage.LoginHomePage" name="checkMarketPage" time="0.418"/>
  <testcase classname="shop.automation.homepage.LoginHomePage" name="checkCart" time="0.109"/>
  <testcase classname="shop.automation.homepage.LoginHomePage" name="checkMarketPage1" time="0.253"/>
  <testcase classname="shop.automation.homepage.LoginHomePage" name="checkCart1" time="0.092"/>
  <testcase classname="shop.automation.homepage.LoginHomePage" name="checkMarketPage2" time="0.246"/>
  <testcase classname="shop.automation.homepage.LoginHomePage" name="checkCart2" time="0.095"/>
  <testcase classname="shop.automation.homepage.LoginHomePage" name="goToCart" time="0.258"/>
  <testcase classname="shop.automation.homepage.LoginHomePage" name="goToCart1" time="0.110"/>
  <testcase classname="shop.automation.homepage.LoginHomePage" name="goToCheckout" time="0.279"/>
  <testcase classname="shop.automation.homepage.LoginHomePage" name="filedForm" time="0.928"/>
  <testcase classname="shop.automation.homepage.LoginHomePage" name="goToCart2" time="0.100"/>
  <testcase classname="shop.automation.homepage.LoginHomePage" name="goToLast" time="0.333"/>
  <testcase classname="shop.automation.homepage.LoginHomePage" name="goToFirst" time="0.513"/>
</testsuite> <!-- shop.automation.homepage.LoginHomePage -->
